<?xml version="1.0" encoding="UTF-8"?>
<!-- Generated by org.testng.reporters.JUnitXMLReporter -->
<testsuite ignored="0" hostname="LAPTOP-VTQ28UTU" failures="0" tests="6" name="Surefire test" time="29.11" errors="0" timestamp="2025-01-08T20:06:26 IST">
  <testcase classname="bstackTestScripts.Test_01_SignInPageTest" name="verifySigninPageTitle" time="0.032"/>
  <testcase classname="bstackTestScripts.Test_01_SignInPageTest" name="verifySignIn" time="3.996"/>
  <testcase classname="bstackTestScripts.Test_01_SignInPageTest" name="verifyVendorSearch" time="8.411"/>
  <testcase classname="bstackTestScripts.Test_01_SignInPageTest" name="verifyCart" time="6.393"/>
  <testcase classname="bstackTestScripts.Test_01_SignInPageTest" name="checkoutCart" time="5.153"/>
  <testcase classname="bstackTestScripts.Test_01_SignInPageTest" name="verifyShippingPage" time="5.042"/>
</testsuite> <!-- Surefire test -->
