<?xml version="1.0" encoding="UTF-8"?>
<!-- Generated by org.testng.reporters.JUnitXMLReporter -->
<testsuite ignored="0" hostname="LAPTOP-VTQ28UTU" failures="0" tests="6" name="Default test" time="27.882" errors="0" timestamp="2025-01-06T20:06:11 IST">
  <testcase classname="bstackTestScripts.Test_01_SignInPageTest" name="verifySigninPageTitle" time="0.018"/>
  <testcase classname="bstackTestScripts.Test_01_SignInPageTest" name="verifySignIn" time="3.359"/>
  <testcase classname="bstackTestScripts.Test_01_SignInPageTest" name="verifyVendorSearch" time="8.173"/>
  <testcase classname="bstackTestScripts.Test_01_SignInPageTest" name="verifyCart" time="6.182"/>
  <testcase classname="bstackTestScripts.Test_01_SignInPageTest" name="checkoutCart" time="5.084"/>
  <testcase classname="bstackTestScripts.Test_01_SignInPageTest" name="verifyShippingPage" time="5.017"/>
</testsuite> <!-- Default test -->
