<?xml version="1.0" encoding="UTF-8"?>
<testng-results ignored="0" total="6" passed="6" failed="0" skipped="0">
  <reporter-output>
  </reporter-output>
  <suite started-at="2025-01-08T20:05:57 IST" name="Surefire suite" finished-at="2025-01-08T20:06:26 IST" duration-ms="29110">
    <groups>
    </groups>
    <test started-at="2025-01-08T20:05:57 IST" name="Surefire test" finished-at="2025-01-08T20:06:26 IST" duration-ms="29110">
      <class name="bstackTestScripts.Test_01_SignInPageTest">
        <test-method is-config="true" signature="setUp()[pri:0, instance:bstackTestScripts.Test_01_SignInPageTest@2b91004a]" started-at="2025-01-08T20:05:49 IST" name="setUp" finished-at="2025-01-08T20:05:57 IST" duration-ms="7566" status="PASS">
          <reporter-output>
          </reporter-output>
        </test-method> <!-- setUp -->
        <test-method signature="verifySigninPageTitle()[pri:0, instance:bstackTestScripts.Test_01_SignInPageTest@2b91004a]" started-at="2025-01-08T20:05:57 IST" name="verifySigninPageTitle" finished-at="2025-01-08T20:05:57 IST" duration-ms="32" status="PASS">
          <reporter-output>
          </reporter-output>
        </test-method> <!-- verifySigninPageTitle -->
        <test-method signature="verifySignIn()[pri:1, instance:bstackTestScripts.Test_01_SignInPageTest@2b91004a]" started-at="2025-01-08T20:05:57 IST" name="verifySignIn" finished-at="2025-01-08T20:06:01 IST" duration-ms="3996" status="PASS">
          <reporter-output>
          </reporter-output>
        </test-method> <!-- verifySignIn -->
        <test-method signature="verifyVendorSearch()[pri:2, instance:bstackTestScripts.Test_01_SignInPageTest@2b91004a]" started-at="2025-01-08T20:06:01 IST" name="verifyVendorSearch" finished-at="2025-01-08T20:06:09 IST" duration-ms="8411" status="PASS">
          <reporter-output>
          </reporter-output>
        </test-method> <!-- verifyVendorSearch -->
        <test-method signature="verifyCart()[pri:3, instance:bstackTestScripts.Test_01_SignInPageTest@2b91004a]" started-at="2025-01-08T20:06:09 IST" name="verifyCart" finished-at="2025-01-08T20:06:16 IST" duration-ms="6393" status="PASS">
          <reporter-output>
          </reporter-output>
        </test-method> <!-- verifyCart -->
        <test-method signature="checkoutCart()[pri:4, instance:bstackTestScripts.Test_01_SignInPageTest@2b91004a]" started-at="2025-01-08T20:06:16 IST" name="checkoutCart" finished-at="2025-01-08T20:06:21 IST" duration-ms="5153" status="PASS">
          <reporter-output>
          </reporter-output>
        </test-method> <!-- checkoutCart -->
        <test-method signature="verifyShippingPage()[pri:5, instance:bstackTestScripts.Test_01_SignInPageTest@2b91004a]" started-at="2025-01-08T20:06:21 IST" name="verifyShippingPage" finished-at="2025-01-08T20:06:26 IST" duration-ms="5042" status="PASS">
          <reporter-output>
          </reporter-output>
        </test-method> <!-- verifyShippingPage -->
      </class> <!-- bstackTestScripts.Test_01_SignInPageTest -->
    </test> <!-- Surefire test -->
  </suite> <!-- Surefire suite -->
</testng-results>
