<?xml version="1.0" encoding="UTF-8"?>
<testng-results ignored="0" total="6" passed="6" failed="0" skipped="0">
  <reporter-output>
  </reporter-output>
  <suite started-at="2025-01-06T20:05:43 IST" name="Default suite" finished-at="2025-01-06T20:06:11 IST" duration-ms="27882">
    <groups>
    </groups>
    <test started-at="2025-01-06T20:05:43 IST" name="Default test" finished-at="2025-01-06T20:06:11 IST" duration-ms="27882">
      <class name="bstackTestScripts.Test_01_SignInPageTest">
        <test-method is-config="true" signature="setUp()[pri:0, instance:bstackTestScripts.Test_01_SignInPageTest@57a78e3]" started-at="2025-01-06T20:05:37 IST" name="setUp" finished-at="2025-01-06T20:05:43 IST" duration-ms="5719" status="PASS">
          <reporter-output>
          </reporter-output>
        </test-method> <!-- setUp -->
        <test-method signature="verifySigninPageTitle()[pri:0, instance:bstackTestScripts.Test_01_SignInPageTest@57a78e3]" started-at="2025-01-06T20:05:43 IST" name="verifySigninPageTitle" finished-at="2025-01-06T20:05:43 IST" duration-ms="18" status="PASS">
          <reporter-output>
          </reporter-output>
        </test-method> <!-- verifySigninPageTitle -->
        <test-method signature="verifySignIn()[pri:1, instance:bstackTestScripts.Test_01_SignInPageTest@57a78e3]" started-at="2025-01-06T20:05:43 IST" name="verifySignIn" finished-at="2025-01-06T20:05:47 IST" duration-ms="3359" status="PASS">
          <reporter-output>
          </reporter-output>
        </test-method> <!-- verifySignIn -->
        <test-method signature="verifyVendorSearch()[pri:2, instance:bstackTestScripts.Test_01_SignInPageTest@57a78e3]" started-at="2025-01-06T20:05:47 IST" name="verifyVendorSearch" finished-at="2025-01-06T20:05:55 IST" duration-ms="8173" status="PASS">
          <reporter-output>
          </reporter-output>
        </test-method> <!-- verifyVendorSearch -->
        <test-method signature="verifyCart()[pri:3, instance:bstackTestScripts.Test_01_SignInPageTest@57a78e3]" started-at="2025-01-06T20:05:55 IST" name="verifyCart" finished-at="2025-01-06T20:06:01 IST" duration-ms="6182" status="PASS">
          <reporter-output>
          </reporter-output>
        </test-method> <!-- verifyCart -->
        <test-method signature="checkoutCart()[pri:4, instance:bstackTestScripts.Test_01_SignInPageTest@57a78e3]" started-at="2025-01-06T20:06:01 IST" name="checkoutCart" finished-at="2025-01-06T20:06:06 IST" duration-ms="5084" status="PASS">
          <reporter-output>
          </reporter-output>
        </test-method> <!-- checkoutCart -->
        <test-method signature="verifyShippingPage()[pri:5, instance:bstackTestScripts.Test_01_SignInPageTest@57a78e3]" started-at="2025-01-06T20:06:06 IST" name="verifyShippingPage" finished-at="2025-01-06T20:06:11 IST" duration-ms="5017" status="PASS">
          <reporter-output>
          </reporter-output>
        </test-method> <!-- verifyShippingPage -->
      </class> <!-- bstackTestScripts.Test_01_SignInPageTest -->
    </test> <!-- Default test -->
  </suite> <!-- Default suite -->
</testng-results>
